
2023/12/20 17:28:54 
[0.368ms] [rows:-] SELECT DATABASE()

2023/12/20 17:28:54 /home/wilson/Documents/Account/cmd/generate/main.go:28
[1.158ms] [rows:1] SELECT SCHEMA_NAME from Information_schema.SCHEMATA where SCHEMA_NAME LIKE 'account%' ORDER BY SCHEMA_NAME='account' DESC,SCHEMA_NAME limit 1

2023/12/20 17:28:54 /home/wilson/Documents/Account/cmd/generate/main.go:28
[0.945ms] [rows:-] SELECT * FROM `default_auth` LIMIT 1

2023/12/20 17:28:54 /home/wilson/Documents/Account/cmd/generate/main.go:28
[0.999ms] [rows:-] SELECT column_name, column_default, is_nullable = 'YES', data_type, character_maximum_length, column_type, column_key, extra, column_comment, numeric_precision, numeric_scale , datetime_precision FROM information_schema.columns WHERE table_schema = 'account' AND table_name = 'default_auth' ORDER BY ORDINAL_POSITION

2023/12/20 17:28:54 
[0.070ms] [rows:-] SELECT DATABASE()

2023/12/20 17:28:54 /home/wilson/Documents/Account/cmd/generate/main.go:28
[0.161ms] [rows:1] SELECT SCHEMA_NAME from Information_schema.SCHEMATA where SCHEMA_NAME LIKE 'account%' ORDER BY SCHEMA_NAME='account' DESC,SCHEMA_NAME limit 1

2023/12/20 17:28:54 /home/wilson/Documents/Account/cmd/generate/main.go:28
[0.731ms] [rows:-] SELECT table_schema, table_name, table_type, table_comment FROM information_schema.tables WHERE table_schema = 'account' AND table_name = 'default_auth'

2023/12/20 17:28:54 /home/wilson/Documents/Account/cmd/generate/main.go:28
[info] got 3 columns from table <default_auth>

2023/12/20 17:28:54 
[0.063ms] [rows:-] SELECT DATABASE()

2023/12/20 17:28:54 /home/wilson/Documents/Account/cmd/generate/main.go:30
[0.143ms] [rows:1] SELECT SCHEMA_NAME from Information_schema.SCHEMATA where SCHEMA_NAME LIKE 'account%' ORDER BY SCHEMA_NAME='account' DESC,SCHEMA_NAME limit 1

2023/12/20 17:28:54 /home/wilson/Documents/Account/cmd/generate/main.go:30
[0.642ms] [rows:-] SELECT * FROM `user_workspace` LIMIT 1

2023/12/20 17:28:54 /home/wilson/Documents/Account/cmd/generate/main.go:30
[0.307ms] [rows:-] SELECT column_name, column_default, is_nullable = 'YES', data_type, character_maximum_length, column_type, column_key, extra, column_comment, numeric_precision, numeric_scale , datetime_precision FROM information_schema.columns WHERE table_schema = 'account' AND table_name = 'user_workspace' ORDER BY ORDINAL_POSITION

2023/12/20 17:28:54 
[0.053ms] [rows:-] SELECT DATABASE()

2023/12/20 17:28:54 /home/wilson/Documents/Account/cmd/generate/main.go:30
[0.137ms] [rows:1] SELECT SCHEMA_NAME from Information_schema.SCHEMATA where SCHEMA_NAME LIKE 'account%' ORDER BY SCHEMA_NAME='account' DESC,SCHEMA_NAME limit 1

2023/12/20 17:28:54 /home/wilson/Documents/Account/cmd/generate/main.go:30
[0.176ms] [rows:-] SELECT table_schema, table_name, table_type, table_comment FROM information_schema.tables WHERE table_schema = 'account' AND table_name = 'user_workspace'

2023/12/20 17:28:54 /home/wilson/Documents/Account/cmd/generate/main.go:30
[info] got 5 columns from table <user_workspace>

2023/12/20 17:28:54 
[0.071ms] [rows:-] SELECT DATABASE()

2023/12/20 17:28:54 /home/wilson/Documents/Account/cmd/generate/main.go:32
[0.152ms] [rows:1] SELECT SCHEMA_NAME from Information_schema.SCHEMATA where SCHEMA_NAME LIKE 'account%' ORDER BY SCHEMA_NAME='account' DESC,SCHEMA_NAME limit 1

2023/12/20 17:28:54 /home/wilson/Documents/Account/cmd/generate/main.go:32
[0.531ms] [rows:-] SELECT * FROM `user_group` LIMIT 1

2023/12/20 17:28:54 /home/wilson/Documents/Account/cmd/generate/main.go:32
[0.295ms] [rows:-] SELECT column_name, column_default, is_nullable = 'YES', data_type, character_maximum_length, column_type, column_key, extra, column_comment, numeric_precision, numeric_scale , datetime_precision FROM information_schema.columns WHERE table_schema = 'account' AND table_name = 'user_group' ORDER BY ORDINAL_POSITION

2023/12/20 17:28:54 
[0.066ms] [rows:-] SELECT DATABASE()

2023/12/20 17:28:54 /home/wilson/Documents/Account/cmd/generate/main.go:32
[0.178ms] [rows:1] SELECT SCHEMA_NAME from Information_schema.SCHEMATA where SCHEMA_NAME LIKE 'account%' ORDER BY SCHEMA_NAME='account' DESC,SCHEMA_NAME limit 1

2023/12/20 17:28:54 /home/wilson/Documents/Account/cmd/generate/main.go:32
[0.220ms] [rows:-] SELECT table_schema, table_name, table_type, table_comment FROM information_schema.tables WHERE table_schema = 'account' AND table_name = 'user_group'

2023/12/20 17:28:54 /home/wilson/Documents/Account/cmd/generate/main.go:32
[info] got 2 columns from table <user_group>

2023/12/20 17:28:54 
[0.061ms] [rows:-] SELECT DATABASE()

2023/12/20 17:28:54 /home/wilson/Documents/Account/cmd/generate/main.go:33
[0.149ms] [rows:1] SELECT SCHEMA_NAME from Information_schema.SCHEMATA where SCHEMA_NAME LIKE 'account%' ORDER BY SCHEMA_NAME='account' DESC,SCHEMA_NAME limit 1

2023/12/20 17:28:54 /home/wilson/Documents/Account/cmd/generate/main.go:33
[0.819ms] [rows:-] SELECT * FROM `w_group` LIMIT 1

2023/12/20 17:28:54 /home/wilson/Documents/Account/cmd/generate/main.go:33
[0.331ms] [rows:-] SELECT column_name, column_default, is_nullable = 'YES', data_type, character_maximum_length, column_type, column_key, extra, column_comment, numeric_precision, numeric_scale , datetime_precision FROM information_schema.columns WHERE table_schema = 'account' AND table_name = 'w_group' ORDER BY ORDINAL_POSITION

2023/12/20 17:28:54 
[0.061ms] [rows:-] SELECT DATABASE()

2023/12/20 17:28:54 /home/wilson/Documents/Account/cmd/generate/main.go:33
[0.186ms] [rows:1] SELECT SCHEMA_NAME from Information_schema.SCHEMATA where SCHEMA_NAME LIKE 'account%' ORDER BY SCHEMA_NAME='account' DESC,SCHEMA_NAME limit 1

2023/12/20 17:28:54 /home/wilson/Documents/Account/cmd/generate/main.go:33
[0.225ms] [rows:-] SELECT table_schema, table_name, table_type, table_comment FROM information_schema.tables WHERE table_schema = 'account' AND table_name = 'w_group'

2023/12/20 17:28:54 /home/wilson/Documents/Account/cmd/generate/main.go:33
[info] got 7 columns from table <w_group>

2023/12/20 17:28:54 
[0.112ms] [rows:-] SELECT DATABASE()

2023/12/20 17:28:54 /home/wilson/Documents/Account/cmd/generate/main.go:38
[0.192ms] [rows:1] SELECT SCHEMA_NAME from Information_schema.SCHEMATA where SCHEMA_NAME LIKE 'account%' ORDER BY SCHEMA_NAME='account' DESC,SCHEMA_NAME limit 1

2023/12/20 17:28:54 /home/wilson/Documents/Account/cmd/generate/main.go:38
[3.250ms] [rows:-] SELECT * FROM `w_user` LIMIT 1

2023/12/20 17:28:54 /home/wilson/Documents/Account/cmd/generate/main.go:38
[0.436ms] [rows:-] SELECT column_name, column_default, is_nullable = 'YES', data_type, character_maximum_length, column_type, column_key, extra, column_comment, numeric_precision, numeric_scale , datetime_precision FROM information_schema.columns WHERE table_schema = 'account' AND table_name = 'w_user' ORDER BY ORDINAL_POSITION

2023/12/20 17:28:54 
[0.081ms] [rows:-] SELECT DATABASE()

2023/12/20 17:28:54 /home/wilson/Documents/Account/cmd/generate/main.go:38
[0.183ms] [rows:1] SELECT SCHEMA_NAME from Information_schema.SCHEMATA where SCHEMA_NAME LIKE 'account%' ORDER BY SCHEMA_NAME='account' DESC,SCHEMA_NAME limit 1

2023/12/20 17:28:54 /home/wilson/Documents/Account/cmd/generate/main.go:38
[0.217ms] [rows:-] SELECT table_schema, table_name, table_type, table_comment FROM information_schema.tables WHERE table_schema = 'account' AND table_name = 'w_user'

2023/12/20 17:28:54 /home/wilson/Documents/Account/cmd/generate/main.go:38
[info] got 11 columns from table <w_user>

2023/12/20 17:28:54 
[0.063ms] [rows:-] SELECT DATABASE()

2023/12/20 17:28:54 /home/wilson/Documents/Account/cmd/generate/main.go:47
[0.146ms] [rows:1] SELECT SCHEMA_NAME from Information_schema.SCHEMATA where SCHEMA_NAME LIKE 'account%' ORDER BY SCHEMA_NAME='account' DESC,SCHEMA_NAME limit 1

2023/12/20 17:28:54 /home/wilson/Documents/Account/cmd/generate/main.go:47
[0.077ms] [rows:-] SELECT * FROM `w_group` LIMIT 1

2023/12/20 17:28:54 /home/wilson/Documents/Account/cmd/generate/main.go:47
[0.306ms] [rows:-] SELECT column_name, column_default, is_nullable = 'YES', data_type, character_maximum_length, column_type, column_key, extra, column_comment, numeric_precision, numeric_scale , datetime_precision FROM information_schema.columns WHERE table_schema = 'account' AND table_name = 'w_group' ORDER BY ORDINAL_POSITION

2023/12/20 17:28:54 
[0.069ms] [rows:-] SELECT DATABASE()

2023/12/20 17:28:54 /home/wilson/Documents/Account/cmd/generate/main.go:47
[0.160ms] [rows:1] SELECT SCHEMA_NAME from Information_schema.SCHEMATA where SCHEMA_NAME LIKE 'account%' ORDER BY SCHEMA_NAME='account' DESC,SCHEMA_NAME limit 1

2023/12/20 17:28:54 /home/wilson/Documents/Account/cmd/generate/main.go:47
[0.236ms] [rows:-] SELECT table_schema, table_name, table_type, table_comment FROM information_schema.tables WHERE table_schema = 'account' AND table_name = 'w_group'

2023/12/20 17:28:54 /home/wilson/Documents/Account/cmd/generate/main.go:47
[info] got 7 columns from table <w_group>

2023/12/20 17:28:54 
[0.086ms] [rows:-] SELECT DATABASE()

2023/12/20 17:28:54 /home/wilson/Documents/Account/cmd/generate/main.go:51
[0.156ms] [rows:1] SELECT SCHEMA_NAME from Information_schema.SCHEMATA where SCHEMA_NAME LIKE 'account%' ORDER BY SCHEMA_NAME='account' DESC,SCHEMA_NAME limit 1

2023/12/20 17:28:54 /home/wilson/Documents/Account/cmd/generate/main.go:51
[0.494ms] [rows:-] SELECT * FROM `workspace` LIMIT 1

2023/12/20 17:28:54 /home/wilson/Documents/Account/cmd/generate/main.go:51
[0.359ms] [rows:-] SELECT column_name, column_default, is_nullable = 'YES', data_type, character_maximum_length, column_type, column_key, extra, column_comment, numeric_precision, numeric_scale , datetime_precision FROM information_schema.columns WHERE table_schema = 'account' AND table_name = 'workspace' ORDER BY ORDINAL_POSITION

2023/12/20 17:28:54 
[0.065ms] [rows:-] SELECT DATABASE()

2023/12/20 17:28:54 /home/wilson/Documents/Account/cmd/generate/main.go:51
[0.152ms] [rows:1] SELECT SCHEMA_NAME from Information_schema.SCHEMATA where SCHEMA_NAME LIKE 'account%' ORDER BY SCHEMA_NAME='account' DESC,SCHEMA_NAME limit 1

2023/12/20 17:28:54 /home/wilson/Documents/Account/cmd/generate/main.go:51
[0.206ms] [rows:-] SELECT table_schema, table_name, table_type, table_comment FROM information_schema.tables WHERE table_schema = 'account' AND table_name = 'workspace'

2023/12/20 17:28:54 /home/wilson/Documents/Account/cmd/generate/main.go:51
[info] got 13 columns from table <workspace>

2023/12/20 17:28:54 /home/wilson/Documents/Account/cmd/generate/main.go:63
[info] Start generating code.

2023/12/20 17:28:54 /home/wilson/sdk/go1.21.5/src/runtime/asm_amd64.s:1650
[info] generate model file(table <user_group> -> {model.UserGroup}): /home/wilson/Documents/Account/dal/model/user_group.gen.go

2023/12/20 17:28:54 /home/wilson/sdk/go1.21.5/src/runtime/asm_amd64.s:1650
[info] generate model file(table <user_workspace> -> {model.UserWorkspace}): /home/wilson/Documents/Account/dal/model/user_workspace.gen.go

2023/12/20 17:28:54 /home/wilson/sdk/go1.21.5/src/runtime/asm_amd64.s:1650
[info] generate model file(table <default_auth> -> {model.DefaultAuth}): /home/wilson/Documents/Account/dal/model/default_auth.gen.go

2023/12/20 17:28:54 /home/wilson/sdk/go1.21.5/src/runtime/asm_amd64.s:1650
[info] generate model file(table <w_user> -> {model.WUser}): /home/wilson/Documents/Account/dal/model/w_user.gen.go

2023/12/20 17:28:54 /home/wilson/sdk/go1.21.5/src/runtime/asm_amd64.s:1650
[info] generate model file(table <w_group> -> {model.WGroup}): /home/wilson/Documents/Account/dal/model/w_group.gen.go

2023/12/20 17:28:54 /home/wilson/sdk/go1.21.5/src/runtime/asm_amd64.s:1650
[info] generate model file(table <workspace> -> {model.Workspace}): /home/wilson/Documents/Account/dal/model/workspace.gen.go

2023/12/20 17:28:54 /home/wilson/sdk/go1.21.5/src/runtime/asm_amd64.s:1650
[info] generate query file: /home/wilson/Documents/Account/dal/query/user_group.gen.go

2023/12/20 17:28:54 /home/wilson/sdk/go1.21.5/src/runtime/asm_amd64.s:1650
[info] generate query file: /home/wilson/Documents/Account/dal/query/user_workspace.gen.go

2023/12/20 17:28:54 /home/wilson/sdk/go1.21.5/src/runtime/asm_amd64.s:1650
[info] generate query file: /home/wilson/Documents/Account/dal/query/default_auth.gen.go

2023/12/20 17:28:54 /home/wilson/sdk/go1.21.5/src/runtime/asm_amd64.s:1650
[info] generate query file: /home/wilson/Documents/Account/dal/query/w_group.gen.go

2023/12/20 17:28:54 /home/wilson/sdk/go1.21.5/src/runtime/asm_amd64.s:1650
[info] generate query file: /home/wilson/Documents/Account/dal/query/w_user.gen.go

2023/12/20 17:28:54 /home/wilson/sdk/go1.21.5/src/runtime/asm_amd64.s:1650
[info] generate query file: /home/wilson/Documents/Account/dal/query/workspace.gen.go

2023/12/20 17:28:54 /home/wilson/Documents/Account/cmd/generate/main.go:63
[info] generate query file: /home/wilson/Documents/Account/dal/query/gen.go

2023/12/20 17:28:54 /home/wilson/Documents/Account/cmd/generate/main.go:63
[info] Generate code done.
